{"/home/susan/Desktop/testing/calc.js": {"path":"/home/susan/Desktop/testing/calc.js","statementMap":{"0":{"start":{"line":3,"column":17},"end":{"line":3,"column":46}},"1":{"start":{"line":3,"column":34},"end":{"line":3,"column":45}},"2":{"start":{"line":5,"column":22},"end":{"line":5,"column":51}},"3":{"start":{"line":5,"column":39},"end":{"line":5,"column":50}},"4":{"start":{"line":7,"column":22},"end":{"line":7,"column":51}},"5":{"start":{"line":7,"column":39},"end":{"line":7,"column":50}},"6":{"start":{"line":9,"column":20},"end":{"line":9,"column":49}},"7":{"start":{"line":9,"column":37},"end":{"line":9,"column":48}},"8":{"start":{"line":12,"column":2},"end":{"line":12,"column":30}}},"fnMap":{"0":{"name":"(anonymous_0)","decl":{"start":{"line":3,"column":17},"end":{"line":3,"column":18}},"loc":{"start":{"line":3,"column":34},"end":{"line":3,"column":45}},"line":3},"1":{"name":"(anonymous_1)","decl":{"start":{"line":5,"column":22},"end":{"line":5,"column":23}},"loc":{"start":{"line":5,"column":39},"end":{"line":5,"column":50}},"line":5},"2":{"name":"(anonymous_2)","decl":{"start":{"line":7,"column":22},"end":{"line":7,"column":23}},"loc":{"start":{"line":7,"column":39},"end":{"line":7,"column":50}},"line":7},"3":{"name":"(anonymous_3)","decl":{"start":{"line":9,"column":20},"end":{"line":9,"column":21}},"loc":{"start":{"line":9,"column":37},"end":{"line":9,"column":48}},"line":9}},"branchMap":{},"s":{"0":1,"1":3,"2":1,"3":3,"4":1,"5":3,"6":1,"7":3,"8":1},"f":{"0":3,"1":3,"2":3,"3":3},"b":{},"_coverageSchema":"1a1c01bbd47fc00a2c39e90264f33305004495a9","hash":"7b0988fa47f6933f693c5209032df449b6415d01"}
,"/home/susan/Desktop/testing/capital.js": {"path":"/home/susan/Desktop/testing/capital.js","statementMap":{"0":{"start":{"line":1,"column":16},"end":{"line":3,"column":4}},"1":{"start":{"line":2,"column":4},"end":{"line":2,"column":52}},"2":{"start":{"line":5,"column":3},"end":{"line":5,"column":28}}},"fnMap":{"0":{"name":"(anonymous_0)","decl":{"start":{"line":1,"column":16},"end":{"line":1,"column":17}},"loc":{"start":{"line":1,"column":28},"end":{"line":3,"column":4}},"line":1}},"branchMap":{},"s":{"0":1,"1":3,"2":1},"f":{"0":3},"b":{},"_coverageSchema":"1a1c01bbd47fc00a2c39e90264f33305004495a9","hash":"3a50294ee4c0c7f9d7d1e2200264f65f4605e4c1"}
,"/home/susan/Desktop/testing/reversestring.js": {"path":"/home/susan/Desktop/testing/reversestring.js","statementMap":{"0":{"start":{"line":1,"column":22},"end":{"line":4,"column":3}},"1":{"start":{"line":2,"column":24},"end":{"line":2,"column":59}},"2":{"start":{"line":3,"column":4},"end":{"line":3,"column":22}},"3":{"start":{"line":6,"column":2},"end":{"line":6,"column":33}}},"fnMap":{"0":{"name":"(anonymous_0)","decl":{"start":{"line":1,"column":22},"end":{"line":1,"column":23}},"loc":{"start":{"line":1,"column":34},"end":{"line":4,"column":3}},"line":1}},"branchMap":{},"s":{"0":1,"1":2,"2":2,"3":1},"f":{"0":2},"b":{},"_coverageSchema":"1a1c01bbd47fc00a2c39e90264f33305004495a9","hash":"f4ed10637669a7cb804dc591b4c7191ae42727b1"}
,"/home/susan/Desktop/testing/stringlength.js": {"path":"/home/susan/Desktop/testing/stringlength.js","statementMap":{"0":{"start":{"line":1,"column":21},"end":{"line":9,"column":3}},"1":{"start":{"line":2,"column":17},"end":{"line":2,"column":30}},"2":{"start":{"line":4,"column":4},"end":{"line":8,"column":5}},"3":{"start":{"line":5,"column":6},"end":{"line":5,"column":19}},"4":{"start":{"line":6,"column":11},"end":{"line":8,"column":5}},"5":{"start":{"line":7,"column":6},"end":{"line":7,"column":18}},"6":{"start":{"line":11,"column":2},"end":{"line":11,"column":32}}},"fnMap":{"0":{"name":"(anonymous_0)","decl":{"start":{"line":1,"column":21},"end":{"line":1,"column":22}},"loc":{"start":{"line":1,"column":33},"end":{"line":9,"column":3}},"line":1}},"branchMap":{"0":{"loc":{"start":{"line":4,"column":4},"end":{"line":8,"column":5}},"type":"if","locations":[{"start":{"line":4,"column":4},"end":{"line":8,"column":5}},{"start":{"line":4,"column":4},"end":{"line":8,"column":5}}],"line":4},"1":{"loc":{"start":{"line":4,"column":8},"end":{"line":4,"column":33}},"type":"binary-expr","locations":[{"start":{"line":4,"column":8},"end":{"line":4,"column":18}},{"start":{"line":4,"column":22},"end":{"line":4,"column":33}}],"line":4},"2":{"loc":{"start":{"line":6,"column":11},"end":{"line":8,"column":5}},"type":"if","locations":[{"start":{"line":6,"column":11},"end":{"line":8,"column":5}},{"start":{"line":6,"column":11},"end":{"line":8,"column":5}}],"line":6},"3":{"loc":{"start":{"line":6,"column":15},"end":{"line":6,"column":41}},"type":"binary-expr","locations":[{"start":{"line":6,"column":15},"end":{"line":6,"column":25}},{"start":{"line":6,"column":29},"end":{"line":6,"column":41}}],"line":6}},"s":{"0":1,"1":4,"2":4,"3":2,"4":2,"5":2,"6":1},"f":{"0":4},"b":{"0":[2,2],"1":[4,4],"2":[2,0],"3":[2,0]},"_coverageSchema":"1a1c01bbd47fc00a2c39e90264f33305004495a9","hash":"4fa695f38ac468ef8a804e433d37aef796d173e1"}
}
