TN:
SF:calc.js
FN:3,(anonymous_0)
FN:5,(anonymous_1)
FN:7,(anonymous_2)
FN:9,(anonymous_3)
FNF:4
FNH:4
FNDA:3,(anonymous_0)
FNDA:3,(anonymous_1)
FNDA:3,(anonymous_2)
FNDA:3,(anonymous_3)
DA:3,3
DA:5,3
DA:7,3
DA:9,3
DA:12,1
LF:5
LH:5
BRF:0
BRH:0
end_of_record
TN:
SF:capital.js
FN:1,(anonymous_0)
FNF:1
FNH:1
FNDA:3,(anonymous_0)
DA:1,1
DA:2,3
DA:5,1
LF:3
LH:3
BRF:0
BRH:0
end_of_record
TN:
SF:reversestring.js
FN:1,(anonymous_0)
FNF:1
FNH:1
FNDA:2,(anonymous_0)
DA:1,1
DA:2,2
DA:3,2
DA:6,1
LF:4
LH:4
BRF:0
BRH:0
end_of_record
TN:
SF:stringlength.js
FN:1,(anonymous_0)
FNF:1
FNH:1
FNDA:4,(anonymous_0)
DA:1,1
DA:2,4
DA:4,4
DA:5,2
DA:6,2
DA:7,2
DA:11,1
LF:7
LH:7
BRDA:4,0,0,2
BRDA:4,0,1,2
BRDA:4,1,0,4
BRDA:4,1,1,4
BRDA:6,2,0,2
BRDA:6,2,1,0
BRDA:6,3,0,2
BRDA:6,3,1,0
BRF:8
BRH:6
end_of_record
